TN:
SF:src/api/organization-config.ts
FN:53,(anonymous_0)
FN:128,getOrganizationConfig
FN:131,(anonymous_2)
FN:134,(anonymous_3)
FN:137,(anonymous_4)
FN:177,syncConfig
FN:180,(anonymous_6)
FN:183,(anonymous_7)
FN:186,(anonymous_8)
FN:226,validateConfig
FN:229,(anonymous_10)
FN:232,(anonymous_11)
FN:235,(anonymous_12)
FN:300,getPresets
FN:303,(anonymous_14)
FN:306,(anonymous_15)
FN:309,(anonymous_16)
FN:349,createPreset
FN:352,(anonymous_18)
FN:355,(anonymous_19)
FN:358,(anonymous_20)
FN:398,clearCache
FN:401,(anonymous_22)
FN:404,(anonymous_23)
FN:407,(anonymous_24)
FN:447,getUsageStats
FN:450,(anonymous_26)
FN:453,(anonymous_27)
FN:456,(anonymous_28)
FNF:29
FNH:0
FNDA:0,(anonymous_0)
FNDA:0,getOrganizationConfig
FNDA:0,(anonymous_2)
FNDA:0,(anonymous_3)
FNDA:0,(anonymous_4)
FNDA:0,syncConfig
FNDA:0,(anonymous_6)
FNDA:0,(anonymous_7)
FNDA:0,(anonymous_8)
FNDA:0,validateConfig
FNDA:0,(anonymous_10)
FNDA:0,(anonymous_11)
FNDA:0,(anonymous_12)
FNDA:0,getPresets
FNDA:0,(anonymous_14)
FNDA:0,(anonymous_15)
FNDA:0,(anonymous_16)
FNDA:0,createPreset
FNDA:0,(anonymous_18)
FNDA:0,(anonymous_19)
FNDA:0,(anonymous_20)
FNDA:0,clearCache
FNDA:0,(anonymous_22)
FNDA:0,(anonymous_23)
FNDA:0,(anonymous_24)
FNDA:0,getUsageStats
FNDA:0,(anonymous_26)
FNDA:0,(anonymous_27)
FNDA:0,(anonymous_28)
DA:7,0
DA:9,0
DA:11,0
DA:12,0
DA:13,0
DA:14,0
DA:15,0
DA:18,0
DA:22,0
DA:36,0
DA:41,0
DA:46,0
DA:54,0
DA:56,0
DA:59,0
DA:67,0
DA:68,0
DA:70,0
DA:71,0
DA:74,0
DA:75,0
DA:78,0
DA:79,0
DA:82,0
DA:83,0
DA:86,0
DA:87,0
DA:90,0
DA:91,0
DA:94,0
DA:95,0
DA:99,0
DA:107,0
DA:114,0
DA:129,0
DA:131,0
DA:132,0
DA:134,0
DA:135,0
DA:137,0
DA:138,0
DA:141,0
DA:142,0
DA:143,0
DA:149,0
DA:152,0
DA:153,0
DA:155,0
DA:158,0
DA:164,0
DA:178,0
DA:180,0
DA:181,0
DA:183,0
DA:184,0
DA:186,0
DA:187,0
DA:190,0
DA:191,0
DA:192,0
DA:198,0
DA:201,0
DA:202,0
DA:204,0
DA:207,0
DA:213,0
DA:227,0
DA:229,0
DA:230,0
DA:232,0
DA:233,0
DA:235,0
DA:236,0
DA:239,0
DA:240,0
DA:241,0
DA:247,0
DA:251,0
DA:252,0
DA:253,0
DA:259,0
DA:262,0
DA:276,0
DA:278,0
DA:281,0
DA:287,0
DA:301,0
DA:303,0
DA:304,0
DA:306,0
DA:307,0
DA:309,0
DA:310,0
DA:313,0
DA:314,0
DA:315,0
DA:321,0
DA:324,0
DA:325,0
DA:327,0
DA:330,0
DA:336,0
DA:350,0
DA:352,0
DA:353,0
DA:355,0
DA:356,0
DA:358,0
DA:359,0
DA:362,0
DA:363,0
DA:364,0
DA:370,0
DA:373,0
DA:374,0
DA:376,0
DA:379,0
DA:385,0
DA:399,0
DA:401,0
DA:402,0
DA:404,0
DA:405,0
DA:407,0
DA:408,0
DA:411,0
DA:412,0
DA:413,0
DA:419,0
DA:422,0
DA:423,0
DA:425,0
DA:428,0
DA:434,0
DA:448,0
DA:450,0
DA:451,0
DA:453,0
DA:454,0
DA:456,0
DA:457,0
DA:460,0
DA:461,0
DA:462,0
DA:468,0
DA:471,0
DA:472,0
DA:474,0
DA:477,0
DA:483,0
LF:150
LH:0
BRDA:37,0,0,0
BRDA:37,0,1,0
BRDA:38,1,0,0
BRDA:38,1,1,0
BRDA:70,2,0,0
BRDA:70,3,0,0
BRDA:70,3,1,0
BRDA:74,4,0,0
BRDA:74,5,0,0
BRDA:74,5,1,0
BRDA:78,6,0,0
BRDA:78,7,0,0
BRDA:78,7,1,0
BRDA:82,8,0,0
BRDA:82,9,0,0
BRDA:82,9,1,0
BRDA:86,10,0,0
BRDA:86,11,0,0
BRDA:86,11,1,0
BRDA:90,12,0,0
BRDA:90,13,0,0
BRDA:90,13,1,0
BRDA:94,14,0,0
BRDA:94,15,0,0
BRDA:94,15,1,0
BRDA:132,16,0,0
BRDA:135,17,0,0
BRDA:138,18,0,0
BRDA:142,19,0,0
BRDA:181,20,0,0
BRDA:184,21,0,0
BRDA:187,22,0,0
BRDA:191,23,0,0
BRDA:230,24,0,0
BRDA:233,25,0,0
BRDA:236,26,0,0
BRDA:240,27,0,0
BRDA:252,28,0,0
BRDA:265,29,0,0
BRDA:265,29,1,0
BRDA:265,30,0,0
BRDA:265,30,1,0
BRDA:265,31,0,0
BRDA:265,31,1,0
BRDA:266,32,0,0
BRDA:266,32,1,0
BRDA:266,33,0,0
BRDA:266,33,1,0
BRDA:266,34,0,0
BRDA:266,34,1,0
BRDA:267,35,0,0
BRDA:267,35,1,0
BRDA:267,36,0,0
BRDA:267,36,1,0
BRDA:267,37,0,0
BRDA:267,37,1,0
BRDA:268,38,0,0
BRDA:268,38,1,0
BRDA:268,39,0,0
BRDA:268,39,1,0
BRDA:268,40,0,0
BRDA:268,40,1,0
BRDA:270,41,0,0
BRDA:270,41,1,0
BRDA:271,42,0,0
BRDA:271,42,1,0
BRDA:272,43,0,0
BRDA:272,43,1,0
BRDA:273,44,0,0
BRDA:273,44,1,0
BRDA:304,45,0,0
BRDA:307,46,0,0
BRDA:310,47,0,0
BRDA:314,48,0,0
BRDA:353,49,0,0
BRDA:356,50,0,0
BRDA:359,51,0,0
BRDA:363,52,0,0
BRDA:402,53,0,0
BRDA:405,54,0,0
BRDA:408,55,0,0
BRDA:412,56,0,0
BRDA:451,57,0,0
BRDA:454,58,0,0
BRDA:457,59,0,0
BRDA:461,60,0,0
BRF:86
BRH:0
end_of_record
TN:
SF:src/api/routes/comissoes.ts
FNF:0
FNH:0
DA:6,0
DA:7,0
DA:19,0
DA:20,0
DA:22,0
DA:25,0
DA:37,0
DA:38,0
DA:41,0
DA:42,0
DA:43,0
DA:44,0
DA:45,0
DA:48,0
DA:49,0
DA:50,0
DA:53,0
DA:54,0
DA:56,0
LF:19
LH:0
BRF:0
BRH:0
end_of_record
TN:
SF:src/config/firebase.ts
FNF:0
FNH:0
DA:6,0
DA:9,0
DA:10,0
DA:18,0
DA:19,0
DA:20,0
DA:21,0
DA:24,0
DA:34,0
DA:37,0
DA:41,0
LF:11
LH:0
BRDA:9,0,0,0
BRDA:12,1,0,0
BRDA:12,1,1,0
BRDA:13,2,0,0
BRDA:13,2,1,0
BRF:5
BRH:0
end_of_record
TN:
SF:src/config/index.ts
FNF:0
FNH:0
DA:6,0
DA:9,0
DA:47,0
DA:48,0
DA:51,0
LF:5
LH:0
BRDA:11,0,0,0
BRDA:11,0,1,0
BRDA:15,1,0,0
BRDA:15,1,1,0
BRDA:16,2,0,0
BRDA:16,2,1,0
BRDA:19,3,0,0
BRDA:19,3,1,0
BRDA:20,4,0,0
BRDA:20,4,1,0
BRDA:23,5,0,0
BRDA:23,5,1,0
BRDA:24,6,0,0
BRDA:24,6,1,0
BRDA:27,7,0,0
BRDA:27,7,1,0
BRDA:28,8,0,0
BRDA:28,8,1,0
BRDA:38,9,0,0
BRDA:38,9,1,0
BRDA:42,10,0,0
BRDA:42,10,1,0
BRDA:47,11,0,0
BRF:23
BRH:0
end_of_record
TN:
SF:src/db/index.ts
FN:33,initializeDatabase
FN:66,getDatabase
FN:76,closeDatabase
FN:86,healthCheck
FN:103,createOrganizationRepository
FN:106,(anonymous_15)
FN:107,(anonymous_16)
FN:108,(anonymous_17)
FN:109,(anonymous_18)
FN:110,(anonymous_19)
FN:114,createDocumentRepository
FN:117,(anonymous_21)
FN:118,(anonymous_22)
FN:119,(anonymous_23)
FN:120,(anonymous_24)
FNF:15
FNH:0
FNDA:0,initializeDatabase
FNDA:0,getDatabase
FNDA:0,closeDatabase
FNDA:0,healthCheck
FNDA:0,createOrganizationRepository
FNDA:0,(anonymous_15)
FNDA:0,(anonymous_16)
FNDA:0,(anonymous_17)
FNDA:0,(anonymous_18)
FNDA:0,(anonymous_19)
FNDA:0,createDocumentRepository
FNDA:0,(anonymous_21)
FNDA:0,(anonymous_22)
FNDA:0,(anonymous_23)
FNDA:0,(anonymous_24)
DA:11,0
DA:12,0
DA:15,0
DA:16,0
DA:17,0
DA:20,0
DA:21,0
DA:24,0
DA:25,0
DA:26,0
DA:33,0
DA:34,0
DA:35,0
DA:38,0
DA:40,0
DA:41,0
DA:42,0
DA:48,0
DA:52,0
DA:54,0
DA:55,0
DA:58,0
DA:59,0
DA:66,0
DA:67,0
DA:68,0
DA:70,0
DA:76,0
DA:77,0
DA:78,0
DA:79,0
DA:86,0
DA:87,0
DA:88,0
DA:89,0
DA:93,0
DA:94,0
DA:97,0
DA:98,0
DA:103,0
DA:104,0
DA:105,0
DA:106,0
DA:107,0
DA:108,0
DA:109,0
DA:110,0
DA:114,0
DA:115,0
DA:116,0
DA:117,0
DA:118,0
DA:119,0
DA:120,0
LF:54
LH:0
BRDA:34,0,0,0
BRDA:40,1,0,0
BRDA:41,2,0,0
BRDA:41,2,1,0
BRDA:67,3,0,0
BRDA:77,4,0,0
BRDA:88,5,0,0
BRDA:104,6,0,0
BRDA:104,6,1,0
BRDA:115,7,0,0
BRDA:115,7,1,0
BRF:11
BRH:0
end_of_record
TN:
SF:src/db/migrations/001-initial-data.ts
FN:32,(anonymous_0)
FN:43,(anonymous_1)
FN:86,(anonymous_2)
FN:181,(anonymous_3)
FN:366,(anonymous_4)
FN:540,(anonymous_5)
FN:657,(anonymous_6)
FNF:7
FNH:0
FNDA:0,(anonymous_0)
FNDA:0,(anonymous_1)
FNDA:0,(anonymous_2)
FNDA:0,(anonymous_3)
FNDA:0,(anonymous_4)
FNDA:0,(anonymous_5)
FNDA:0,(anonymous_6)
DA:12,0
DA:25,0
DA:33,0
DA:34,0
DA:35,0
DA:36,0
DA:37,0
DA:44,0
DA:46,0
DA:48,0
DA:49,0
DA:52,0
DA:53,0
DA:54,0
DA:55,0
DA:57,0
DA:60,0
DA:61,0
DA:62,0
DA:63,0
DA:65,0
DA:68,0
DA:69,0
DA:70,0
DA:71,0
DA:73,0
DA:75,0
DA:78,0
DA:79,0
DA:87,0
DA:165,0
DA:167,0
DA:168,0
DA:169,0
DA:170,0
DA:171,0
DA:175,0
DA:182,0
DA:350,0
DA:352,0
DA:353,0
DA:357,0
DA:360,0
DA:367,0
DA:524,0
DA:526,0
DA:527,0
DA:531,0
DA:534,0
DA:541,0
DA:641,0
DA:643,0
DA:644,0
DA:648,0
DA:651,0
DA:658,0
DA:660,0
DA:662,0
DA:667,0
DA:669,0
DA:670,0
DA:671,0
DA:675,0
DA:676,0
DA:677,0
DA:681,0
DA:682,0
DA:683,0
DA:687,0
DA:690,0
DA:693,0
DA:694,0
LF:72
LH:0
BRDA:169,0,0,0
BRF:1
BRH:0
end_of_record
TN:
SF:src/db/migrations/migration-runner.ts
FN:24,(anonymous_0)
FN:31,(anonymous_1)
FN:50,(anonymous_2)
FN:58,(anonymous_3)
FN:85,(anonymous_4)
FN:87,(anonymous_5)
FN:134,(anonymous_6)
FN:155,(anonymous_7)
FN:157,(anonymous_8)
FN:189,(anonymous_9)
FN:219,(anonymous_10)
FN:237,(anonymous_11)
FN:249,(anonymous_12)
FNF:13
FNH:0
FNDA:0,(anonymous_0)
FNDA:0,(anonymous_1)
FNDA:0,(anonymous_2)
FNDA:0,(anonymous_3)
FNDA:0,(anonymous_4)
FNDA:0,(anonymous_5)
FNDA:0,(anonymous_6)
FNDA:0,(anonymous_7)
FNDA:0,(anonymous_8)
FNDA:0,(anonymous_9)
FNDA:0,(anonymous_10)
FNDA:0,(anonymous_11)
FNDA:0,(anonymous_12)
DA:8,0
DA:20,0
DA:22,0
DA:25,0
DA:37,0
DA:51,0
DA:52,0
DA:65,0
DA:75,0
DA:76,0
DA:79,0
DA:86,0
DA:87,0
DA:89,0
DA:90,0
DA:94,0
DA:95,0
DA:96,0
DA:97,0
DA:100,0
DA:102,0
DA:103,0
DA:104,0
DA:106,0
DA:113,0
DA:116,0
DA:118,0
DA:126,0
DA:127,0
DA:135,0
DA:137,0
DA:139,0
DA:140,0
DA:142,0
DA:143,0
DA:145,0
DA:149,0
DA:156,0
DA:157,0
DA:159,0
DA:160,0
DA:163,0
DA:165,0
DA:166,0
DA:168,0
DA:169,0
DA:172,0
DA:174,0
DA:176,0
DA:180,0
DA:181,0
DA:182,0
DA:190,0
DA:191,0
DA:193,0
DA:194,0
DA:196,0
DA:197,0
DA:198,0
DA:203,0
DA:213,0
DA:220,0
DA:222,0
DA:225,0
DA:226,0
DA:227,0
DA:229,0
DA:234,0
DA:235,0
DA:237,0
DA:238,0
DA:241,0
DA:243,0
DA:250,0
DA:253,0
DA:254,0
DA:255,0
DA:261,0
LF:78
LH:0
BRDA:52,0,0,0
BRDA:52,0,1,0
BRDA:52,1,0,0
BRDA:52,1,1,0
BRDA:52,2,0,0
BRDA:52,2,1,0
BRDA:75,3,0,0
BRDA:89,4,0,0
BRDA:95,5,0,0
BRDA:116,6,0,0
BRDA:116,6,1,0
BRDA:142,7,0,0
BRDA:142,7,1,0
BRDA:159,8,0,0
BRDA:168,9,0,0
BRDA:168,9,1,0
BRDA:180,10,0,0
BRDA:180,10,1,0
BRDA:196,11,0,0
BRDA:196,11,1,0
BRDA:254,12,0,0
BRF:21
BRH:0
end_of_record
TN:
SF:src/middleware/error.ts
FN:17,(anonymous_0)
FN:28,(anonymous_1)
FN:38,(anonymous_2)
FN:44,(anonymous_3)
FN:50,(anonymous_4)
FN:56,(anonymous_5)
FN:62,(anonymous_6)
FN:70,(anonymous_7)
FN:160,(anonymous_8)
FN:178,(anonymous_9)
FN:181,(anonymous_10)
FN:189,(anonymous_11)
FN:190,(anonymous_12)
FN:191,(anonymous_13)
FN:201,(anonymous_14)
FN:202,(anonymous_15)
FN:211,(anonymous_16)
FN:230,(anonymous_17)
FN:259,(anonymous_18)
FN:283,(anonymous_19)
FN:301,(anonymous_20)
FN:319,(anonymous_21)
FN:333,(anonymous_22)
FN:334,(anonymous_23)
FN:346,(anonymous_24)
FNF:25
FNH:0
FNDA:0,(anonymous_0)
FNDA:0,(anonymous_1)
FNDA:0,(anonymous_2)
FNDA:0,(anonymous_3)
FNDA:0,(anonymous_4)
FNDA:0,(anonymous_5)
FNDA:0,(anonymous_6)
FNDA:0,(anonymous_7)
FNDA:0,(anonymous_8)
FNDA:0,(anonymous_9)
FNDA:0,(anonymous_10)
FNDA:0,(anonymous_11)
FNDA:0,(anonymous_12)
FNDA:0,(anonymous_13)
FNDA:0,(anonymous_14)
FNDA:0,(anonymous_15)
FNDA:0,(anonymous_16)
FNDA:0,(anonymous_17)
FNDA:0,(anonymous_18)
FNDA:0,(anonymous_19)
FNDA:0,(anonymous_20)
FNDA:0,(anonymous_21)
FNDA:0,(anonymous_22)
FNDA:0,(anonymous_23)
FNDA:0,(anonymous_24)
DA:7,0
DA:8,0
DA:9,0
DA:12,0
DA:18,0
DA:19,0
DA:20,0
DA:21,0
DA:23,0
DA:27,0
DA:29,0
DA:37,0
DA:39,0
DA:43,0
DA:45,0
DA:49,0
DA:51,0
DA:55,0
DA:57,0
DA:61,0
DA:63,0
DA:70,0
DA:77,0
DA:78,0
DA:82,0
DA:98,0
DA:99,0
DA:100,0
DA:101,0
DA:103,0
DA:107,0
DA:108,0
DA:109,0
DA:111,0
DA:112,0
DA:113,0
DA:114,0
DA:115,0
DA:116,0
DA:117,0
DA:118,0
DA:119,0
DA:120,0
DA:121,0
DA:122,0
DA:123,0
DA:124,0
DA:125,0
DA:126,0
DA:127,0
DA:128,0
DA:129,0
DA:130,0
DA:131,0
DA:132,0
DA:133,0
DA:137,0
DA:145,0
DA:146,0
DA:154,0
DA:160,0
DA:161,0
DA:172,0
DA:178,0
DA:181,0
DA:182,0
DA:189,0
DA:190,0
DA:191,0
DA:192,0
DA:197,0
DA:201,0
DA:202,0
DA:204,0
DA:211,0
DA:212,0
DA:218,0
DA:230,0
DA:231,0
DA:233,0
DA:241,0
DA:242,0
DA:243,0
DA:244,0
DA:245,0
DA:246,0
DA:247,0
DA:248,0
DA:249,0
DA:250,0
DA:252,0
DA:259,0
DA:260,0
DA:262,0
DA:269,0
DA:270,0
DA:276,0
DA:283,0
DA:284,0
DA:295,0
DA:301,0
DA:302,0
DA:313,0
DA:319,0
DA:320,0
DA:333,0
DA:334,0
DA:335,0
DA:341,0
DA:342,0
DA:346,0
DA:347,0
DA:354,0
LF:113
LH:0
BRDA:17,0,0,0
BRDA:30,1,0,0
BRDA:30,1,1,0
BRDA:38,2,0,0
BRDA:44,3,0,0
BRDA:62,4,0,0
BRDA:77,5,0,0
BRDA:88,6,0,0
BRDA:88,6,1,0
BRDA:88,7,0,0
BRDA:88,7,1,0
BRDA:89,8,0,0
BRDA:89,8,1,0
BRDA:89,9,0,0
BRDA:89,9,1,0
BRDA:98,10,0,0
BRDA:98,10,1,0
BRDA:98,11,0,0
BRDA:98,11,1,0
BRDA:100,12,0,0
BRDA:100,12,1,0
BRDA:111,13,0,0
BRDA:111,13,1,0
BRDA:115,14,0,0
BRDA:115,14,1,0
BRDA:119,15,0,0
BRDA:119,15,1,0
BRDA:119,16,0,0
BRDA:119,16,1,0
BRDA:122,17,0,0
BRDA:122,17,1,0
BRDA:122,18,0,0
BRDA:122,18,1,0
BRDA:125,19,0,0
BRDA:125,19,1,0
BRDA:128,20,0,0
BRDA:128,20,1,0
BRDA:131,21,0,0
BRDA:140,22,0,0
BRDA:140,22,1,0
BRDA:140,23,0,0
BRDA:140,23,1,0
BRDA:145,24,0,0
BRDA:189,25,0,0
BRDA:223,26,0,0
BRDA:223,26,1,0
BRDA:235,27,0,0
BRDA:235,27,1,0
BRDA:235,28,0,0
BRDA:235,28,1,0
BRDA:235,29,0,0
BRDA:235,29,1,0
BRDA:236,30,0,0
BRDA:236,30,1,0
BRDA:236,31,0,0
BRDA:236,31,1,0
BRDA:237,32,0,0
BRDA:237,32,1,0
BRDA:237,33,0,0
BRDA:237,33,1,0
BRDA:241,34,0,0
BRDA:241,34,1,0
BRDA:241,35,0,0
BRDA:241,35,1,0
BRDA:241,36,0,0
BRDA:241,36,1,0
BRDA:243,37,0,0
BRDA:243,37,1,0
BRDA:243,38,0,0
BRDA:243,38,1,0
BRDA:243,39,0,0
BRDA:243,39,1,0
BRDA:245,40,0,0
BRDA:245,40,1,0
BRDA:245,41,0,0
BRDA:245,41,1,0
BRDA:245,42,0,0
BRDA:245,42,1,0
BRDA:247,43,0,0
BRDA:247,43,1,0
BRDA:247,44,0,0
BRDA:247,44,1,0
BRDA:247,45,0,0
BRDA:247,45,1,0
BRDA:249,46,0,0
BRDA:249,46,1,0
BRDA:249,47,0,0
BRDA:249,47,1,0
BRDA:249,48,0,0
BRDA:249,48,1,0
BRDA:252,49,0,0
BRDA:252,49,1,0
BRDA:252,50,0,0
BRDA:252,50,1,0
BRDA:264,51,0,0
BRDA:264,51,1,0
BRDA:264,52,0,0
BRDA:264,52,1,0
BRDA:264,53,0,0
BRDA:264,53,1,0
BRDA:265,54,0,0
BRDA:265,54,1,0
BRDA:265,55,0,0
BRDA:265,55,1,0
BRDA:265,56,0,0
BRDA:265,56,1,0
BRDA:265,57,0,0
BRDA:265,57,1,0
BRDA:265,58,0,0
BRDA:265,58,1,0
BRDA:266,59,0,0
BRDA:266,59,1,0
BRDA:266,60,0,0
BRDA:266,60,1,0
BRDA:266,61,0,0
BRDA:266,61,1,0
BRDA:266,62,0,0
BRDA:266,62,1,0
BRDA:269,63,0,0
BRDA:269,63,1,0
BRDA:269,64,0,0
BRDA:269,64,1,0
BRDA:269,65,0,0
BRDA:269,65,1,0
BRDA:269,66,0,0
BRDA:269,66,1,0
BRDA:269,67,0,0
BRDA:269,67,1,0
BRDA:269,68,0,0
BRDA:269,68,1,0
BRDA:337,69,0,0
BRDA:337,69,1,0
BRDA:337,70,0,0
BRDA:337,70,1,0
BRDA:337,71,0,0
BRDA:337,71,1,0
BRDA:341,72,0,0
BRF:137
BRH:0
end_of_record
TN:
SF:src/services/ComissaoService.ts
FN:29,(anonymous_0)
FN:38,(anonymous_1)
FN:71,(anonymous_2)
FN:78,(anonymous_3)
FN:91,(anonymous_4)
FN:115,(anonymous_5)
FN:143,(anonymous_6)
FN:163,(anonymous_7)
FN:187,(anonymous_8)
FN:193,(anonymous_9)
FN:199,(anonymous_10)
FN:219,(anonymous_11)
FN:230,(anonymous_12)
FN:261,(anonymous_13)
FN:267,(anonymous_14)
FN:268,(anonymous_15)
FN:270,(anonymous_16)
FN:277,(anonymous_17)
FN:282,(anonymous_18)
FN:298,(anonymous_19)
FN:313,(anonymous_20)
FN:329,(anonymous_21)
FN:356,(anonymous_22)
FN:379,(anonymous_23)
FN:386,(anonymous_24)
FN:398,(anonymous_25)
FN:400,(anonymous_26)
FN:411,(anonymous_27)
FN:413,(anonymous_28)
FN:420,(anonymous_29)
FN:431,(anonymous_30)
FN:442,(anonymous_31)
FNF:32
FNH:0
FNDA:0,(anonymous_0)
FNDA:0,(anonymous_1)
FNDA:0,(anonymous_2)
FNDA:0,(anonymous_3)
FNDA:0,(anonymous_4)
FNDA:0,(anonymous_5)
FNDA:0,(anonymous_6)
FNDA:0,(anonymous_7)
FNDA:0,(anonymous_8)
FNDA:0,(anonymous_9)
FNDA:0,(anonymous_10)
FNDA:0,(anonymous_11)
FNDA:0,(anonymous_12)
FNDA:0,(anonymous_13)
FNDA:0,(anonymous_14)
FNDA:0,(anonymous_15)
FNDA:0,(anonymous_16)
FNDA:0,(anonymous_17)
FNDA:0,(anonymous_18)
FNDA:0,(anonymous_19)
FNDA:0,(anonymous_20)
FNDA:0,(anonymous_21)
FNDA:0,(anonymous_22)
FNDA:0,(anonymous_23)
FNDA:0,(anonymous_24)
FNDA:0,(anonymous_25)
FNDA:0,(anonymous_26)
FNDA:0,(anonymous_27)
FNDA:0,(anonymous_28)
FNDA:0,(anonymous_29)
FNDA:0,(anonymous_30)
FNDA:0,(anonymous_31)
DA:7,0
DA:8,0
DA:24,0
DA:30,0
DA:31,0
DA:32,0
DA:49,0
DA:51,0
DA:52,0
DA:53,0
DA:55,0
DA:72,0
DA:80,0
DA:83,0
DA:84,0
DA:91,0
DA:104,0
DA:107,0
DA:109,0
DA:116,0
DA:117,0
DA:118,0
DA:122,0
DA:125,0
DA:132,0
DA:135,0
DA:137,0
DA:144,0
DA:145,0
DA:146,0
DA:150,0
DA:151,0
DA:154,0
DA:157,0
DA:164,0
DA:165,0
DA:166,0
DA:170,0
DA:172,0
DA:175,0
DA:188,0
DA:189,0
DA:190,0
DA:193,0
DA:194,0
DA:195,0
DA:199,0
DA:200,0
DA:201,0
DA:204,0
DA:207,0
DA:225,0
DA:226,0
DA:227,0
DA:230,0
DA:231,0
DA:232,0
DA:236,0
DA:237,0
DA:241,0
DA:242,0
DA:243,0
DA:246,0
DA:249,0
DA:262,0
DA:263,0
DA:264,0
DA:267,0
DA:268,0
DA:270,0
DA:271,0
DA:272,0
DA:276,0
DA:277,0
DA:278,0
DA:279,0
DA:281,0
DA:282,0
DA:285,0
DA:303,0
DA:309,0
DA:310,0
DA:311,0
DA:313,0
DA:319,0
DA:323,0
DA:325,0
DA:331,0
DA:332,0
DA:333,0
DA:337,0
DA:338,0
DA:339,0
DA:342,0
DA:343,0
DA:344,0
DA:346,0
DA:347,0
DA:348,0
DA:353,0
DA:358,0
DA:359,0
DA:363,0
DA:364,0
DA:365,0
DA:366,0
DA:371,0
DA:372,0
DA:373,0
DA:374,0
DA:381,0
DA:382,0
DA:386,0
DA:387,0
DA:388,0
DA:392,0
DA:395,0
DA:399,0
DA:400,0
DA:401,0
DA:405,0
DA:406,0
DA:413,0
DA:414,0
DA:415,0
DA:416,0
DA:420,0
DA:421,0
DA:422,0
DA:426,0
DA:427,0
DA:432,0
DA:437,0
DA:438,0
DA:449,0
DA:458,0
LF:136
LH:0
BRDA:51,0,0,0
BRDA:51,0,1,0
BRDA:52,1,0,0
BRDA:52,1,1,0
BRDA:88,2,0,0
BRDA:88,2,1,0
BRDA:117,3,0,0
BRDA:145,4,0,0
BRDA:150,5,0,0
BRDA:165,6,0,0
BRDA:189,7,0,0
BRDA:194,8,0,0
BRDA:199,9,0,0
BRDA:199,9,1,0
BRDA:200,10,0,0
BRDA:226,11,0,0
BRDA:231,12,0,0
BRDA:236,13,0,0
BRDA:242,14,0,0
BRDA:242,15,0,0
BRDA:242,15,1,0
BRDA:263,16,0,0
BRDA:271,17,0,0
BRDA:271,17,1,0
BRDA:278,18,0,0
BRDA:278,18,1,0
BRDA:281,19,0,0
BRDA:281,19,1,0
BRDA:291,20,0,0
BRDA:291,20,1,0
BRDA:298,21,0,0
BRDA:298,22,0,0
BRDA:332,23,0,0
BRDA:338,24,0,0
BRDA:342,25,0,0
BRDA:343,26,0,0
BRDA:347,27,0,0
BRDA:358,28,0,0
BRDA:363,29,0,0
BRDA:363,30,0,0
BRDA:363,30,1,0
BRDA:365,31,0,0
BRDA:371,32,0,0
BRDA:373,33,0,0
BRDA:381,34,0,0
BRDA:386,35,0,0
BRDA:386,35,1,0
BRDA:387,36,0,0
BRDA:399,37,0,0
BRDA:401,38,0,0
BRDA:401,38,1,0
BRDA:401,38,2,0
BRDA:405,39,0,0
BRDA:415,40,0,0
BRDA:421,41,0,0
BRDA:437,42,0,0
BRF:56
BRH:0
end_of_record
TN:
SF:src/services/OrganizationConfigService.ts
FN:53,(anonymous_1)
FN:72,(anonymous_2)
FN:80,(anonymous_3)
FN:88,(anonymous_4)
FN:95,(anonymous_5)
FN:109,(anonymous_6)
FN:155,(anonymous_7)
FN:178,(anonymous_8)
FN:194,(anonymous_9)
FN:209,(anonymous_10)
FN:222,(anonymous_11)
FN:229,(anonymous_12)
FN:249,(anonymous_13)
FN:265,(anonymous_14)
FN:303,(anonymous_15)
FN:316,(anonymous_16)
FN:329,(anonymous_17)
FN:358,(anonymous_18)
FN:372,(anonymous_19)
FN:373,(anonymous_20)
FN:373,(anonymous_21)
FN:400,(anonymous_22)
FN:415,(anonymous_23)
FN:420,(anonymous_24)
FN:439,(anonymous_25)
FN:444,(anonymous_26)
FN:445,(anonymous_27)
FN:466,(anonymous_28)
FN:494,createOrganizationConfigService
FNF:29
FNH:0
FNDA:0,(anonymous_1)
FNDA:0,(anonymous_2)
FNDA:0,(anonymous_3)
FNDA:0,(anonymous_4)
FNDA:0,(anonymous_5)
FNDA:0,(anonymous_6)
FNDA:0,(anonymous_7)
FNDA:0,(anonymous_8)
FNDA:0,(anonymous_9)
FNDA:0,(anonymous_10)
FNDA:0,(anonymous_11)
FNDA:0,(anonymous_12)
FNDA:0,(anonymous_13)
FNDA:0,(anonymous_14)
FNDA:0,(anonymous_15)
FNDA:0,(anonymous_16)
FNDA:0,(anonymous_17)
FNDA:0,(anonymous_18)
FNDA:0,(anonymous_19)
FNDA:0,(anonymous_20)
FNDA:0,(anonymous_21)
FNDA:0,(anonymous_22)
FNDA:0,(anonymous_23)
FNDA:0,(anonymous_24)
FNDA:0,(anonymous_25)
FNDA:0,(anonymous_26)
FNDA:0,(anonymous_27)
FNDA:0,(anonymous_28)
FNDA:0,createOrganizationConfigService
DA:12,0
DA:13,0
DA:15,0
DA:46,0
DA:50,0
DA:51,0
DA:57,0
DA:58,0
DA:61,0
DA:71,0
DA:73,0
DA:78,0
DA:81,0
DA:82,0
DA:87,0
DA:89,0
DA:93,0
DA:96,0
DA:101,0
DA:111,0
DA:112,0
DA:113,0
DA:114,0
DA:117,0
DA:119,0
DA:120,0
DA:121,0
DA:125,0
DA:128,0
DA:131,0
DA:136,0
DA:142,0
DA:144,0
DA:148,0
DA:156,0
DA:157,0
DA:160,0
DA:165,0
DA:167,0
DA:171,0
DA:179,0
DA:180,0
DA:181,0
DA:183,0
DA:187,0
DA:195,0
DA:196,0
DA:197,0
DA:199,0
DA:202,0
DA:210,0
DA:211,0
DA:212,0
DA:214,0
DA:215,0
DA:223,0
DA:230,0
DA:231,0
DA:232,0
DA:233,0
DA:237,0
DA:245,0
DA:247,0
DA:249,0
DA:257,0
DA:258,0
DA:266,0
DA:267,0
DA:268,0
DA:269,0
DA:272,0
DA:288,0
DA:291,0
DA:293,0
DA:295,0
DA:296,0
DA:304,0
DA:305,0
DA:306,0
DA:307,0
DA:311,0
DA:316,0
DA:321,0
DA:322,0
DA:330,0
DA:331,0
DA:332,0
DA:333,0
DA:336,0
DA:339,0
DA:344,0
DA:345,0
DA:348,0
DA:350,0
DA:351,0
DA:363,0
DA:366,0
DA:371,0
DA:372,0
DA:373,0
DA:385,0
DA:387,0
DA:401,0
DA:409,0
DA:420,0
DA:422,0
DA:423,0
DA:427,0
DA:428,0
DA:444,0
DA:445,0
DA:447,0
DA:448,0
DA:452,0
DA:460,0
DA:472,0
DA:475,0
DA:482,0
DA:486,0
DA:494,0
DA:498,0
LF:121
LH:0
BRDA:76,0,0,0
BRDA:76,0,1,0
BRDA:76,1,0,0
BRDA:76,1,1,0
BRDA:97,2,0,0
BRDA:97,2,1,0
BRDA:97,3,0,0
BRDA:97,3,1,0
BRDA:99,4,0,0
BRDA:99,4,1,0
BRDA:99,5,0,0
BRDA:99,5,1,0
BRDA:112,6,0,0
BRDA:112,7,0,0
BRDA:112,7,1,0
BRDA:120,8,0,0
BRDA:146,9,0,0
BRDA:146,9,1,0
BRDA:169,10,0,0
BRDA:169,10,1,0
BRDA:185,11,0,0
BRDA:185,11,1,0
BRDA:200,12,0,0
BRDA:200,12,1,0
BRDA:210,13,0,0
BRDA:210,13,1,0
BRDA:232,14,0,0
BRDA:268,15,0,0
BRDA:273,16,0,0
BRDA:273,16,1,0
BRDA:278,17,0,0
BRDA:278,17,1,0
BRDA:306,18,0,0
BRDA:332,19,0,0
BRDA:344,20,0,0
BRDA:366,21,0,0
BRDA:366,21,1,0
BRDA:372,22,0,0
BRDA:372,22,1,0
BRDA:372,22,2,0
BRDA:409,23,0,0
BRDA:409,23,1,0
BRDA:420,24,0,0
BRDA:420,24,1,0
BRDA:422,25,0,0
BRDA:444,26,0,0
BRDA:444,26,1,0
BRDA:445,27,0,0
BRDA:445,27,1,0
BRDA:445,27,2,0
BRDA:447,28,0,0
BRDA:447,29,0,0
BRDA:447,29,1,0
BRDA:460,30,0,0
BRDA:460,30,1,0
BRDA:484,31,0,0
BRDA:484,31,1,0
BRF:57
BRH:0
end_of_record
TN:
SF:src/services/TaskQueueService.ts
FN:28,(anonymous_0)
FN:42,(anonymous_1)
FN:96,(anonymous_2)
FN:109,(anonymous_3)
FN:128,(anonymous_4)
FN:147,(anonymous_5)
FN:166,(anonymous_6)
FN:189,(anonymous_7)
FN:202,(anonymous_8)
FNF:9
FNH:0
FNDA:0,(anonymous_0)
FNDA:0,(anonymous_1)
FNDA:0,(anonymous_2)
FNDA:0,(anonymous_3)
FNDA:0,(anonymous_4)
FNDA:0,(anonymous_5)
FNDA:0,(anonymous_6)
FNDA:0,(anonymous_7)
FNDA:0,(anonymous_8)
DA:5,0
DA:22,0
DA:33,0
DA:34,0
DA:35,0
DA:36,0
DA:46,0
DA:47,0
DA:53,0
DA:65,0
DA:66,0
DA:67,0
DA:68,0
DA:74,0
DA:75,0
DA:80,0
DA:85,0
DA:86,0
DA:88,0
DA:89,0
DA:97,0
DA:98,0
DA:99,0
DA:101,0
DA:102,0
DA:110,0
DA:111,0
DA:117,0
DA:118,0
DA:120,0
DA:121,0
DA:129,0
DA:130,0
DA:136,0
DA:137,0
DA:139,0
DA:140,0
DA:148,0
DA:149,0
DA:155,0
DA:156,0
DA:158,0
DA:159,0
DA:167,0
DA:168,0
DA:174,0
DA:175,0
DA:181,0
DA:182,0
DA:190,0
DA:191,0
DA:192,0
DA:194,0
DA:195,0
DA:209,0
DA:217,0
DA:223,0
DA:225,0
DA:226,0
DA:228,0
DA:229,0
DA:231,0
DA:232,0
DA:235,0
LF:64
LH:0
BRDA:30,0,0,0
BRDA:31,1,0,0
BRDA:44,2,0,0
BRDA:65,3,0,0
BRDA:65,4,0,0
BRDA:65,4,1,0
BRDA:74,5,0,0
BRDA:86,6,0,0
BRDA:86,6,1,0
BRDA:206,7,0,0
BRDA:223,8,0,0
BRDA:223,8,1,0
BRDA:223,8,2,0
BRF:13
BRH:0
end_of_record
TN:
SF:src/triggers/document-upload.ts
FN:31,(anonymous_0)
FN:125,(anonymous_1)
FN:160,startDocumentProcessing
FN:233,markDocumentAsError
FN:250,createUploadNotification
FN:291,extractDocumentContent
FN:328,generateDocumentPreview
FN:350,validateDocument
FNF:8
FNH:0
FNDA:0,(anonymous_0)
FNDA:0,(anonymous_1)
FNDA:0,startDocumentProcessing
FNDA:0,markDocumentAsError
FNDA:0,createUploadNotification
FNDA:0,extractDocumentContent
FNDA:0,generateDocumentPreview
FNDA:0,validateDocument
DA:7,0
DA:8,0
DA:9,0
DA:10,0
DA:17,0
DA:18,0
DA:20,0
DA:25,0
DA:32,0
DA:33,0
DA:34,0
DA:35,0
DA:37,0
DA:45,0
DA:49,0
DA:50,0
DA:54,0
DA:61,0
DA:62,0
DA:63,0
DA:64,0
DA:68,0
DA:69,0
DA:70,0
DA:71,0
DA:74,0
DA:77,0
DA:78,0
DA:79,0
DA:80,0
DA:83,0
DA:84,0
DA:86,0
DA:94,0
DA:95,0
DA:97,0
DA:98,0
DA:99,0
DA:103,0
DA:106,0
DA:109,0
DA:110,0
DA:111,0
DA:112,0
DA:116,0
DA:125,0
DA:126,0
DA:129,0
DA:132,0
DA:135,0
DA:141,0
DA:144,0
DA:147,0
DA:148,0
DA:149,0
DA:150,0
DA:153,0
DA:161,0
DA:163,0
DA:169,0
DA:172,0
DA:178,0
DA:179,0
DA:180,0
DA:184,0
DA:201,0
DA:216,0
DA:218,0
DA:224,0
DA:225,0
DA:226,0
DA:234,0
DA:235,0
DA:241,0
DA:243,0
DA:256,0
DA:257,0
DA:272,0
DA:278,0
DA:284,0
DA:291,0
DA:292,0
DA:293,0
DA:296,0
DA:297,0
DA:298,0
DA:302,0
DA:303,0
DA:305,0
DA:307,0
DA:308,0
DA:309,0
DA:314,0
DA:317,0
DA:320,0
DA:321,0
DA:328,0
DA:332,0
DA:333,0
DA:335,0
DA:336,0
DA:339,0
DA:342,0
DA:343,0
DA:350,0
DA:355,0
DA:356,0
DA:358,0
DA:360,0
DA:361,0
DA:363,0
DA:364,0
DA:367,0
DA:368,0
DA:371,0
DA:372,0
DA:376,0
DA:377,0
DA:383,0
DA:390,0
DA:391,0
LF:121
LH:0
BRDA:33,0,0,0
BRDA:33,0,1,0
BRDA:34,1,0,0
BRDA:34,1,1,0
BRDA:45,2,0,0
BRDA:45,3,0,0
BRDA:45,3,1,0
BRDA:45,3,2,0
BRDA:45,3,3,0
BRDA:61,4,0,0
BRDA:68,5,0,0
BRDA:78,6,0,0
BRDA:97,7,0,0
BRDA:109,8,0,0
BRDA:148,9,0,0
BRDA:150,10,0,0
BRDA:150,10,1,0
BRDA:179,11,0,0
BRDA:225,12,0,0
BRDA:225,12,1,0
BRDA:260,13,0,0
BRDA:260,13,1,0
BRDA:261,14,0,0
BRDA:261,14,1,0
BRDA:264,15,0,0
BRDA:264,15,1,0
BRDA:297,16,0,0
BRDA:303,17,0,0
BRDA:303,17,1,0
BRDA:305,18,0,0
BRDA:305,18,1,0
BRDA:309,19,0,0
BRDA:309,20,0,0
BRDA:309,20,1,0
BRDA:330,21,0,0
BRDA:335,22,0,0
BRDA:363,23,0,0
BRDA:363,23,1,0
BRDA:368,24,0,0
BRDA:368,24,1,0
BRDA:371,25,0,0
BRDA:376,26,0,0
BRDA:390,27,0,0
BRDA:390,27,1,0
BRF:44
BRH:0
end_of_record
TN:
SF:src/types/analysis.types.ts
FN:10,(anonymous_0)
FN:17,(anonymous_1)
FN:37,(anonymous_2)
FN:54,(anonymous_3)
FN:70,(anonymous_4)
FN:88,(anonymous_5)
FN:112,(anonymous_6)
FN:118,(anonymous_7)
FN:122,(anonymous_8)
FN:139,(anonymous_9)
FN:147,(anonymous_10)
FN:157,(anonymous_11)
FN:167,(anonymous_12)
FN:168,(anonymous_13)
FN:178,(anonymous_14)
FN:179,(anonymous_15)
FN:189,(anonymous_16)
FN:203,(anonymous_17)
FN:205,(anonymous_18)
FNF:19
FNH:0
FNDA:0,(anonymous_0)
FNDA:0,(anonymous_1)
FNDA:0,(anonymous_2)
FNDA:0,(anonymous_3)
FNDA:0,(anonymous_4)
FNDA:0,(anonymous_5)
FNDA:0,(anonymous_6)
FNDA:0,(anonymous_7)
FNDA:0,(anonymous_8)
FNDA:0,(anonymous_9)
FNDA:0,(anonymous_10)
FNDA:0,(anonymous_11)
FNDA:0,(anonymous_12)
FNDA:0,(anonymous_13)
FNDA:0,(anonymous_14)
FNDA:0,(anonymous_15)
FNDA:0,(anonymous_16)
FNDA:0,(anonymous_17)
FNDA:0,(anonymous_18)
DA:6,0
DA:10,0
DA:11,0
DA:12,0
DA:13,0
DA:14,0
DA:17,0
DA:18,0
DA:19,0
DA:20,0
DA:21,0
DA:22,0
DA:23,0
DA:28,0
DA:29,0
DA:31,0
DA:37,0
DA:40,0
DA:54,0
DA:57,0
DA:70,0
DA:75,0
DA:88,0
DA:98,0
DA:112,0
DA:118,0
DA:119,0
DA:122,0
DA:126,0
DA:127,0
DA:128,0
DA:131,0
DA:139,0
DA:140,0
DA:141,0
DA:142,0
DA:143,0
DA:144,0
DA:147,0
DA:148,0
DA:154,0
DA:157,0
DA:158,0
DA:164,0
DA:167,0
DA:168,0
DA:169,0
DA:170,0
DA:171,0
DA:173,0
DA:174,0
DA:178,0
DA:179,0
DA:180,0
DA:181,0
DA:182,0
DA:184,0
DA:185,0
DA:189,0
DA:190,0
DA:192,0
DA:203,0
DA:205,0
LF:63
LH:0
BRDA:10,0,0,0
BRDA:10,0,1,0
BRDA:17,1,0,0
BRDA:17,1,1,0
BRDA:127,2,0,0
BRDA:140,3,0,0
BRDA:141,4,0,0
BRDA:142,5,0,0
BRDA:143,6,0,0
BRDA:170,7,0,0
BRDA:181,8,0,0
BRDA:197,9,0,0
BRDA:197,9,1,0
BRDA:197,10,0,0
BRDA:197,10,1,0
BRDA:197,11,0,0
BRDA:197,11,1,0
BRDA:198,12,0,0
BRDA:198,12,1,0
BRDA:198,13,0,0
BRDA:198,13,1,0
BRDA:198,14,0,0
BRDA:198,14,1,0
BRDA:199,15,0,0
BRDA:199,15,1,0
BRDA:199,16,0,0
BRDA:199,16,1,0
BRDA:199,17,0,0
BRDA:199,17,1,0
BRDA:200,18,0,0
BRDA:200,18,1,0
BRDA:200,19,0,0
BRDA:200,19,1,0
BRDA:200,20,0,0
BRDA:200,20,1,0
BRDA:203,21,0,0
BRDA:203,21,1,0
BRDA:207,22,0,0
BRDA:207,22,1,0
BRDA:208,23,0,0
BRDA:208,23,1,0
BRDA:209,24,0,0
BRDA:209,24,1,0
BRF:43
BRH:0
end_of_record
TN:
SF:src/types/comissoes.types.ts
FN:11,(anonymous_0)
FN:16,(anonymous_1)
FN:23,(anonymous_2)
FN:103,(anonymous_3)
FN:113,(anonymous_4)
FN:148,(anonymous_5)
FN:154,(anonymous_6)
FNF:7
FNH:0
FNDA:0,(anonymous_0)
FNDA:0,(anonymous_1)
FNDA:0,(anonymous_2)
FNDA:0,(anonymous_3)
FNDA:0,(anonymous_4)
FNDA:0,(anonymous_5)
FNDA:0,(anonymous_6)
DA:6,0
DA:11,0
DA:12,0
DA:13,0
DA:16,0
DA:17,0
DA:18,0
DA:19,0
DA:20,0
DA:23,0
DA:24,0
DA:25,0
DA:26,0
DA:27,0
DA:28,0
DA:33,0
DA:34,0
DA:35,0
DA:47,0
DA:64,0
DA:87,0
DA:105,0
DA:106,0
DA:109,0
DA:110,0
DA:113,0
DA:114,0
DA:115,0
DA:117,0
DA:134,0
DA:150,0
DA:151,0
DA:154,0
DA:155,0
DA:156,0
DA:158,0
DA:173,0
DA:190,0
DA:202,0
DA:259,0
LF:40
LH:0
BRDA:11,0,0,0
BRDA:11,0,1,0
BRDA:16,1,0,0
BRDA:16,1,1,0
BRDA:23,2,0,0
BRDA:23,2,1,0
BRDA:105,3,0,0
BRDA:105,4,0,0
BRDA:105,4,1,0
BRDA:109,5,0,0
BRDA:109,6,0,0
BRDA:109,6,1,0
BRDA:114,7,0,0
BRDA:150,8,0,0
BRDA:150,9,0,0
BRDA:150,9,1,0
BRDA:155,10,0,0
BRF:17
BRH:0
end_of_record
TN:
SF:src/types/config.types.ts
FN:12,(anonymous_0)
FN:20,(anonymous_1)
FN:26,(anonymous_2)
FN:34,(anonymous_3)
FN:56,(anonymous_4)
FN:80,(anonymous_5)
FN:81,(anonymous_6)
FN:102,(anonymous_7)
FN:103,(anonymous_8)
FN:128,(anonymous_9)
FN:129,(anonymous_10)
FN:207,(anonymous_11)
FN:226,(anonymous_12)
FN:230,(anonymous_13)
FN:235,(anonymous_14)
FN:243,(anonymous_15)
FN:248,(anonymous_16)
FN:277,(anonymous_17)
FN:284,(anonymous_18)
FN:288,(anonymous_19)
FN:303,(anonymous_20)
FN:316,(anonymous_21)
FNF:22
FNH:0
FNDA:0,(anonymous_0)
FNDA:0,(anonymous_1)
FNDA:0,(anonymous_2)
FNDA:0,(anonymous_3)
FNDA:0,(anonymous_4)
FNDA:0,(anonymous_5)
FNDA:0,(anonymous_6)
FNDA:0,(anonymous_7)
FNDA:0,(anonymous_8)
FNDA:0,(anonymous_9)
FNDA:0,(anonymous_10)
FNDA:0,(anonymous_11)
FNDA:0,(anonymous_12)
FNDA:0,(anonymous_13)
FNDA:0,(anonymous_14)
FNDA:0,(anonymous_15)
FNDA:0,(anonymous_16)
FNDA:0,(anonymous_17)
FNDA:0,(anonymous_18)
FNDA:0,(anonymous_19)
FNDA:0,(anonymous_20)
FNDA:0,(anonymous_21)
DA:6,0
DA:7,0
DA:8,0
DA:12,0
DA:13,0
DA:14,0
DA:15,0
DA:16,0
DA:17,0
DA:20,0
DA:21,0
DA:22,0
DA:23,0
DA:26,0
DA:27,0
DA:28,0
DA:29,0
DA:30,0
DA:31,0
DA:34,0
DA:35,0
DA:36,0
DA:37,0
DA:38,0
DA:39,0
DA:44,0
DA:45,0
DA:46,0
DA:47,0
DA:50,0
DA:57,0
DA:58,0
DA:66,0
DA:80,0
DA:81,0
DA:84,0
DA:94,0
DA:102,0
DA:103,0
DA:107,0
DA:128,0
DA:129,0
DA:142,0
DA:149,0
DA:155,0
DA:173,0
DA:207,0
DA:212,0
DA:226,0
DA:227,0
DA:230,0
DA:231,0
DA:232,0
DA:235,0
DA:236,0
DA:243,0
DA:244,0
DA:248,0
DA:249,0
DA:250,0
DA:253,0
DA:254,0
DA:255,0
DA:257,0
DA:258,0
DA:262,0
DA:263,0
DA:266,0
DA:267,0
DA:270,0
DA:271,0
DA:274,0
DA:277,0
DA:284,0
DA:286,0
DA:288,0
DA:293,0
DA:294,0
DA:295,0
DA:296,0
DA:297,0
DA:300,0
DA:303,0
DA:316,0
DA:317,0
DA:318,0
DA:319,0
DA:320,0
DA:321,0
DA:322,0
DA:323,0
DA:324,0
DA:326,0
DA:328,0
DA:329,0
LF:95
LH:0
BRDA:12,0,0,0
BRDA:12,0,1,0
BRDA:20,1,0,0
BRDA:20,1,1,0
BRDA:26,2,0,0
BRDA:26,2,1,0
BRDA:34,3,0,0
BRDA:34,3,1,0
BRDA:244,4,0,0
BRDA:244,4,1,0
BRDA:257,5,0,0
BRDA:262,6,0,0
BRDA:262,7,0,0
BRDA:262,7,1,0
BRDA:266,8,0,0
BRDA:266,9,0,0
BRDA:266,9,1,0
BRDA:266,9,2,0
BRDA:270,10,0,0
BRDA:270,11,0,0
BRDA:270,11,1,0
BRDA:318,12,0,0
BRDA:318,12,1,0
BRDA:321,13,0,0
BRDA:321,13,1,0
BRDA:323,14,0,0
BRF:26
BRH:0
end_of_record
TN:
SF:src/types/document.types.ts
FN:10,(anonymous_0)
FN:20,(anonymous_1)
FN:30,(anonymous_2)
FN:58,(anonymous_3)
FN:84,(anonymous_4)
FN:85,(anonymous_5)
FN:126,(anonymous_6)
FN:141,(anonymous_7)
FN:147,(anonymous_8)
FNF:9
FNH:0
FNDA:0,(anonymous_0)
FNDA:0,(anonymous_1)
FNDA:0,(anonymous_2)
FNDA:0,(anonymous_3)
FNDA:0,(anonymous_4)
FNDA:0,(anonymous_5)
FNDA:0,(anonymous_6)
FNDA:0,(anonymous_7)
FNDA:0,(anonymous_8)
DA:6,0
DA:10,0
DA:11,0
DA:12,0
DA:13,0
DA:14,0
DA:15,0
DA:16,0
DA:17,0
DA:20,0
DA:21,0
DA:22,0
DA:23,0
DA:24,0
DA:25,0
DA:26,0
DA:27,0
DA:30,0
DA:31,0
DA:32,0
DA:33,0
DA:34,0
DA:35,0
DA:36,0
DA:37,0
DA:38,0
DA:43,0
DA:44,0
DA:45,0
DA:47,0
DA:58,0
DA:63,0
DA:72,0
DA:84,0
DA:85,0
DA:95,0
DA:101,0
DA:106,0
DA:126,0
DA:141,0
DA:142,0
DA:147,0
DA:148,0
DA:157,0
LF:44
LH:0
BRDA:10,0,0,0
BRDA:10,0,1,0
BRDA:20,1,0,0
BRDA:20,1,1,0
BRDA:30,2,0,0
BRDA:30,2,1,0
BRDA:142,3,0,0
BRDA:142,3,1,0
BRDA:157,4,0,0
BRDA:157,4,1,0
BRF:10
BRH:0
end_of_record
TN:
SF:src/types/index.ts
FNF:0
FNH:0
DA:7,0
DA:10,0
DA:13,0
DA:16,0
LF:4
LH:0
BRF:0
BRH:0
end_of_record
TN:
SF:src/utils/index.ts
FN:41,generateRequestId
FN:48,createSuccessResponse
FN:63,createErrorResponse
FN:84,sendSuccessResponse
FN:96,sendErrorResponse
FN:110,getRequestId
FN:117,isValidUUID
FN:125,sanitizeString
FN:132,formatBytes
FN:147,sleep
FN:148,(anonymous_14)
FN:154,retryWithBackoff
FN:183,isRetryableError
FN:202,truncateText
FN:214,normalizeFileName
FN:225,isValidEmail
FNF:16
FNH:0
FNDA:0,generateRequestId
FNDA:0,createSuccessResponse
FNDA:0,createErrorResponse
FNDA:0,sendSuccessResponse
FNDA:0,sendErrorResponse
FNDA:0,getRequestId
FNDA:0,isValidUUID
FNDA:0,sanitizeString
FNDA:0,formatBytes
FNDA:0,sleep
FNDA:0,(anonymous_14)
FNDA:0,retryWithBackoff
FNDA:0,isRetryableError
FNDA:0,truncateText
FNDA:0,normalizeFileName
FNDA:0,isValidEmail
DA:7,0
DA:8,0
DA:11,0
DA:41,0
DA:42,0
DA:48,0
DA:52,0
DA:63,0
DA:69,0
DA:84,0
DA:90,0
DA:96,0
DA:104,0
DA:110,0
DA:111,0
DA:117,0
DA:118,0
DA:119,0
DA:125,0
DA:126,0
DA:132,0
DA:133,0
DA:135,0
DA:136,0
DA:137,0
DA:139,0
DA:141,0
DA:147,0
DA:148,0
DA:154,0
DA:162,0
DA:163,0
DA:164,0
DA:166,0
DA:168,0
DA:169,0
DA:172,0
DA:173,0
DA:177,0
DA:183,0
DA:184,0
DA:187,0
DA:188,0
DA:192,0
DA:193,0
DA:196,0
DA:202,0
DA:203,0
DA:205,0
DA:206,0
DA:208,0
DA:214,0
DA:215,0
DA:225,0
DA:226,0
DA:227,0
DA:233,0
LF:57
LH:0
BRDA:55,0,0,0
BRDA:55,0,1,0
BRDA:76,1,0,0
BRDA:76,1,1,0
BRDA:87,2,0,0
BRDA:100,3,0,0
BRDA:111,4,0,0
BRDA:111,4,1,0
BRDA:132,5,0,0
BRDA:133,6,0,0
BRDA:136,7,0,0
BRDA:136,7,1,0
BRDA:156,8,0,0
BRDA:157,9,0,0
BRDA:158,10,0,0
BRDA:168,11,0,0
BRDA:184,12,0,0
BRDA:187,13,0,0
BRDA:187,14,0,0
BRDA:187,14,1,0
BRDA:192,15,0,0
BRDA:192,16,0,0
BRDA:192,16,1,0
BRDA:192,17,0,0
BRDA:192,17,1,0
BRDA:192,18,0,0
BRDA:192,18,1,0
BRDA:192,19,0,0
BRDA:192,19,1,0
BRDA:192,20,0,0
BRDA:192,20,1,0
BRDA:203,21,0,0
BRDA:208,22,0,0
BRDA:208,22,1,0
BRF:34
BRH:0
end_of_record
TN:
SF:src/utils/validation.ts
FN:9,(anonymous_0)
FN:29,validateData
FN:56,validateBody
FN:57,(anonymous_3)
FN:72,validateQuery
FN:73,(anonymous_5)
FN:88,validatePathParams
FN:89,(anonymous_7)
FNF:8
FNH:0
FNDA:0,(anonymous_0)
FNDA:0,validateData
FNDA:0,validateBody
FNDA:0,(anonymous_3)
FNDA:0,validateQuery
FNDA:0,(anonymous_5)
FNDA:0,validatePathParams
FNDA:0,(anonymous_7)
DA:1,0
DA:6,0
DA:10,0
DA:11,0
DA:12,0
DA:29,0
DA:30,0
DA:31,0
DA:32,0
DA:37,0
DA:38,0
DA:45,0
DA:56,0
DA:57,0
DA:58,0
DA:60,0
DA:61,0
DA:64,0
DA:65,0
DA:72,0
DA:73,0
DA:74,0
DA:76,0
DA:77,0
DA:80,0
DA:81,0
DA:88,0
DA:89,0
DA:90,0
DA:92,0
DA:93,0
DA:96,0
DA:97,0
DA:102,0
DA:106,0
DA:110,0
DA:115,0
LF:37
LH:0
BRDA:37,0,0,0
BRDA:60,1,0,0
BRDA:76,2,0,0
BRDA:92,3,0,0
BRF:4
BRH:0
end_of_record
